arr = [12, 45, 6, 8, 9, 10]
(6) [12, 45, 6, 8, 9, 10]0: 121: 452: 63: 84: 95: 10length: 6__proto__: Array(0)concat: ƒ concat()constructor: ƒ Array()copyWithin: ƒ copyWithin()entries: ƒ entries()every: ƒ every()fill: ƒ fill()filter: ƒ filter()find: ƒ find()findIndex: ƒ findIndex()flat: ƒ flat()flatMap: ƒ flatMap()forEach: ƒ forEach()includes: ƒ includes()indexOf: ƒ indexOf()join: ƒ join()keys: ƒ keys()lastIndexOf: ƒ lastIndexOf()length: 0map: ƒ map()pop: ƒ pop()push: ƒ push()reduce: ƒ reduce()reduceRight: ƒ reduceRight()reverse: ƒ reverse()shift: ƒ shift()slice: ƒ slice()some: ƒ some()sort: ƒ sort()splice: ƒ splice()toLocaleString: ƒ toLocaleString()toString: ƒ toString()unshift: ƒ unshift()values: ƒ values()Symbol(Symbol.iterator): ƒ values()Symbol(Symbol.unscopables): {copyWithin: true, entries: true, fill: true, find: true, findIndex: true, …}__proto__: Object
a = 10
10
a = "10"
"10"
typeof(a)
"string"
typeof(arr)
"object"
arr instanceof Array
true
Array instanceof Object
true
typeof(Object)
"function"
typeof(Array)
"function"
typeof(a)
"string"
a instanceof String
false
s = new String("10")
String {"10"}0: "1"1: "0"length: 2__proto__: String[[PrimitiveValue]]: "10"
r = "10"
"10"
typeof(s)
"object"
s instanceof String
true
r instanceof String
false
s instanceof Object
true
